<?xml version="1.0" encoding="UTF-8"?>
<!-- Generated by org.testng.reporters.JUnitXMLReporter -->
<testsuite ignored="2" hostname="Nagas" failures="0" tests="0" time="0.002" errors="0" timestamp="2026-02-20T18:58:27 IST">
  <testcase classname="SoftwareTesting.NewSeleniumFrameWork.ErrorValidation" name="errorLogins" time="0.0">
    <ignored/>
  </testcase> <!-- errorLogins -->
  <testcase classname="SoftwareTesting.NewSeleniumFrameWork.ErrorValidation" name="errorItem" time="0.0">
    <ignored/>
  </testcase> <!-- errorItem -->
</testsuite>
