<?xml version="1.0" encoding="UTF-8"?>
<!-- Generated by org.testng.reporters.JUnitXMLReporter -->
<testsuite ignored="0" hostname="Nagas" failures="0" tests="2" name="Errorvalidation" time="16.426" errors="0" timestamp="2026-03-02T19:18:54 IST">
  <testcase classname="SoftwareTesting.NewSeleniumFrameWork.ErrorValidation" name="errorItem" time="3.575"/>
  <testcase classname="SoftwareTesting.NewSeleniumFrameWork.ErrorValidation" name="errorLogins" time="1.0"/>
</testsuite> <!-- Errorvalidation -->
