<?xml version="1.0" encoding="UTF-8"?>
<testng-results ignored="2" total="4" passed="2" failed="0" skipped="0">
  <reporter-output>
  </reporter-output>
  <suite started-at="2026-02-26T17:06:26 IST" name="Suite" finished-at="2026-02-26T17:06:46 IST" duration-ms="20280">
    <groups>
      <group name="purches">
        <method signature="SubmitOrder.orderProduct(java.util.HashMap)[pri:0, instance:SoftwareTesting.NewSeleniumFrameWork.SubmitOrder@5c5eefef]" name="orderProduct" class="SoftwareTesting.NewSeleniumFrameWork.SubmitOrder"/>
      </group> <!-- purches -->
    </groups>
    <test started-at="2026-02-26T17:06:26 IST" name="submitorder" finished-at="2026-02-26T17:06:46 IST" duration-ms="20239">
      <class name="SoftwareTesting.NewSeleniumFrameWork.SubmitOrder">
        <test-method is-config="true" signature="lunchApplication()[pri:0, instance:SoftwareTesting.NewSeleniumFrameWork.SubmitOrder@5c5eefef]" started-at="2026-02-26T17:06:26 IST" name="lunchApplication" finished-at="2026-02-26T17:06:32 IST" duration-ms="5674" status="PASS">
          <reporter-output>
          </reporter-output>
        </test-method> <!-- lunchApplication -->
        <test-method signature="orderProduct(java.util.HashMap)[pri:0, instance:SoftwareTesting.NewSeleniumFrameWork.SubmitOrder@5c5eefef]" started-at="2026-02-26T17:06:32 IST" name="orderProduct" data-provider="getData" finished-at="2026-02-26T17:06:36 IST" duration-ms="4449" status="PASS">
          <params>
            <param index="0">
              <value>
                <![CDATA[{name=ADIDAS ORIGINAL, password=Naga@1212, email=testing1212@gmail.com}]]>
              </value>
            </param>
          </params>
          <reporter-output>
          </reporter-output>
        </test-method> <!-- orderProduct -->
        <test-method is-config="true" signature="lunchApplication()[pri:0, instance:SoftwareTesting.NewSeleniumFrameWork.SubmitOrder@5c5eefef]" started-at="2026-02-26T17:06:36 IST" name="lunchApplication" finished-at="2026-02-26T17:06:41 IST" duration-ms="5363" status="PASS">
          <reporter-output>
          </reporter-output>
        </test-method> <!-- lunchApplication -->
        <test-method signature="orderProduct(java.util.HashMap)[pri:0, instance:SoftwareTesting.NewSeleniumFrameWork.SubmitOrder@5c5eefef]" started-at="2026-02-26T17:06:41 IST" name="orderProduct" data-provider="getData" finished-at="2026-02-26T17:06:46 IST" duration-ms="4514" status="PASS">
          <params>
            <param index="0">
              <value>
                <![CDATA[{name=IPHONE 13 PRO, password=Naga@1212, email=testing121212@gmail.com}]]>
              </value>
            </param>
          </params>
          <reporter-output>
          </reporter-output>
        </test-method> <!-- orderProduct -->
      </class> <!-- SoftwareTesting.NewSeleniumFrameWork.SubmitOrder -->
    </test> <!-- submitorder -->
    <test started-at="2026-02-26T17:06:46 IST" name="Errorvalidation" finished-at="2026-02-26T17:06:46 IST" duration-ms="0">
    </test> <!-- Errorvalidation -->
  </suite> <!-- Suite -->
</testng-results>
