<?xml version="1.0" encoding="UTF-8"?>
<testng-results ignored="2" total="4" passed="2" failed="0" skipped="0">
  <reporter-output>
  </reporter-output>
  <suite started-at="2026-03-02T12:40:18 IST" name="Suite" finished-at="2026-03-02T12:40:40 IST" duration-ms="22387">
    <groups>
      <group name="purches">
        <method signature="SubmitOrder.orderProduct(java.util.HashMap)[pri:0, instance:SoftwareTesting.NewSeleniumFrameWork.SubmitOrder@6150c3ec]" name="orderProduct" class="SoftwareTesting.NewSeleniumFrameWork.SubmitOrder"/>
      </group> <!-- purches -->
    </groups>
    <test started-at="2026-03-02T12:40:18 IST" name="submitorder" finished-at="2026-03-02T12:40:40 IST" duration-ms="22313">
      <class name="SoftwareTesting.NewSeleniumFrameWork.SubmitOrder">
        <test-method is-config="true" signature="lunchApplication()[pri:0, instance:SoftwareTesting.NewSeleniumFrameWork.SubmitOrder@6150c3ec]" started-at="2026-03-02T12:40:18 IST" name="lunchApplication" finished-at="2026-03-02T12:40:23 IST" duration-ms="4936" status="PASS">
          <reporter-output>
          </reporter-output>
        </test-method> <!-- lunchApplication -->
        <test-method signature="orderProduct(java.util.HashMap)[pri:0, instance:SoftwareTesting.NewSeleniumFrameWork.SubmitOrder@6150c3ec]" started-at="2026-03-02T12:40:23 IST" name="orderProduct" data-provider="getData" finished-at="2026-03-02T12:40:29 IST" duration-ms="5917" status="PASS">
          <params>
            <param index="0">
              <value>
                <![CDATA[{name=ADIDAS ORIGINAL, password=Naga@1212, email=testing1212@gmail.com}]]>
              </value>
            </param>
          </params>
          <reporter-output>
          </reporter-output>
        </test-method> <!-- orderProduct -->
        <test-method is-config="true" signature="lunchApplication()[pri:0, instance:SoftwareTesting.NewSeleniumFrameWork.SubmitOrder@6150c3ec]" started-at="2026-03-02T12:40:29 IST" name="lunchApplication" finished-at="2026-03-02T12:40:34 IST" duration-ms="5079" status="PASS">
          <reporter-output>
          </reporter-output>
        </test-method> <!-- lunchApplication -->
        <test-method signature="orderProduct(java.util.HashMap)[pri:0, instance:SoftwareTesting.NewSeleniumFrameWork.SubmitOrder@6150c3ec]" started-at="2026-03-02T12:40:34 IST" name="orderProduct" data-provider="getData" finished-at="2026-03-02T12:40:40 IST" duration-ms="5937" status="PASS">
          <params>
            <param index="0">
              <value>
                <![CDATA[{name=IPHONE 13 PRO, password=Naga@1212, email=testing121212@gmail.com}]]>
              </value>
            </param>
          </params>
          <reporter-output>
          </reporter-output>
        </test-method> <!-- orderProduct -->
      </class> <!-- SoftwareTesting.NewSeleniumFrameWork.SubmitOrder -->
    </test> <!-- submitorder -->
    <test started-at="2026-03-02T12:40:40 IST" name="Errorvalidation" finished-at="2026-03-02T12:40:40 IST" duration-ms="2">
    </test> <!-- Errorvalidation -->
  </suite> <!-- Suite -->
</testng-results>
