<?xml version="1.0" encoding="UTF-8"?>
<testng-results ignored="0" total="2" passed="2" failed="0" skipped="0">
  <reporter-output>
  </reporter-output>
  <suite started-at="2026-02-27T12:47:42 IST" name="Default suite" finished-at="2026-02-27T12:48:09 IST" duration-ms="26670">
    <groups>
      <group name="purches">
        <method signature="SubmitOrder.orderProduct(java.util.HashMap)[pri:0, instance:SoftwareTesting.NewSeleniumFrameWork.SubmitOrder@dd05255]" name="orderProduct" class="SoftwareTesting.NewSeleniumFrameWork.SubmitOrder"/>
      </group> <!-- purches -->
    </groups>
    <test started-at="2026-02-27T12:47:42 IST" name="Default test" finished-at="2026-02-27T12:48:09 IST" duration-ms="26670">
      <class name="SoftwareTesting.NewSeleniumFrameWork.SubmitOrder">
        <test-method is-config="true" signature="lunchApplication()[pri:0, instance:SoftwareTesting.NewSeleniumFrameWork.SubmitOrder@dd05255]" started-at="2026-02-27T12:47:42 IST" name="lunchApplication" finished-at="2026-02-27T12:47:49 IST" duration-ms="6626" status="PASS">
          <reporter-output>
          </reporter-output>
        </test-method> <!-- lunchApplication -->
        <test-method signature="orderProduct(java.util.HashMap)[pri:0, instance:SoftwareTesting.NewSeleniumFrameWork.SubmitOrder@dd05255]" started-at="2026-02-27T12:47:49 IST" name="orderProduct" data-provider="getData" finished-at="2026-02-27T12:47:55 IST" duration-ms="5772" status="PASS">
          <params>
            <param index="0">
              <value>
                <![CDATA[{name=ADIDAS ORIGINAL, password=Naga@1212, email=testing1212@gmail.com}]]>
              </value>
            </param>
          </params>
          <reporter-output>
          </reporter-output>
        </test-method> <!-- orderProduct -->
        <test-method is-config="true" signature="lunchApplication()[pri:0, instance:SoftwareTesting.NewSeleniumFrameWork.SubmitOrder@dd05255]" started-at="2026-02-27T12:47:55 IST" name="lunchApplication" finished-at="2026-02-27T12:48:02 IST" duration-ms="7514" status="PASS">
          <reporter-output>
          </reporter-output>
        </test-method> <!-- lunchApplication -->
        <test-method signature="orderProduct(java.util.HashMap)[pri:0, instance:SoftwareTesting.NewSeleniumFrameWork.SubmitOrder@dd05255]" started-at="2026-02-27T12:48:02 IST" name="orderProduct" data-provider="getData" finished-at="2026-02-27T12:48:09 IST" duration-ms="6336" status="PASS">
          <params>
            <param index="0">
              <value>
                <![CDATA[{name=IPHONE 13 PRO, password=Naga@1212, email=testing121212@gmail.com}]]>
              </value>
            </param>
          </params>
          <reporter-output>
          </reporter-output>
        </test-method> <!-- orderProduct -->
      </class> <!-- SoftwareTesting.NewSeleniumFrameWork.SubmitOrder -->
    </test> <!-- Default test -->
  </suite> <!-- Default suite -->
</testng-results>
