<?xml version="1.0" encoding="UTF-8"?>
<!-- Generated by org.testng.reporters.JUnitReportReporter -->
<testsuite hostname="Nagas" failures="0" tests="2" name="SoftwareTesting.NewSeleniumFrameWork.ErrorValidation" time="22.539" errors="0" timestamp="2026-02-19T16:53:46 IST" skipped="0">
  <testcase classname="SoftwareTesting.NewSeleniumFrameWork.ErrorValidation" name="errorLogins" time="6.915"/>
  <testcase classname="SoftwareTesting.NewSeleniumFrameWork.ErrorValidation" name="errorItem" time="15.624"/>
</testsuite> <!-- SoftwareTesting.NewSeleniumFrameWork.ErrorValidation -->
