<?xml version="1.0" encoding="UTF-8"?>
<!-- Generated by org.testng.reporters.JUnitReportReporter -->
<testsuite hostname="Nagas" failures="0" tests="2" name="SoftwareTesting.NewSeleniumFrameWork.SubmitOrder" time="26.248" errors="0" timestamp="2026-02-27T12:48:09 IST" skipped="0">
  <testcase classname="SoftwareTesting.NewSeleniumFrameWork.SubmitOrder" name="orderProduct" time="12.962"/>
  <testcase classname="SoftwareTesting.NewSeleniumFrameWork.SubmitOrder" name="orderProduct" time="13.286"/>
</testsuite> <!-- SoftwareTesting.NewSeleniumFrameWork.SubmitOrder -->
