<?xml version="1.0" encoding="UTF-8"?>
<!-- Generated by org.testng.reporters.JUnitReportReporter -->
<testsuite hostname="Nagas" failures="0" tests="2" name="SoftwareTesting.NewSeleniumFrameWork.SubmitOrder" time="21.869" errors="0" timestamp="2026-03-02T12:40:41 IST" skipped="0">
  <testcase classname="SoftwareTesting.NewSeleniumFrameWork.SubmitOrder" name="orderProduct" time="10.873"/>
  <testcase classname="SoftwareTesting.NewSeleniumFrameWork.SubmitOrder" name="orderProduct" time="10.996"/>
</testsuite> <!-- SoftwareTesting.NewSeleniumFrameWork.SubmitOrder -->
