<?xml version="1.0" encoding="UTF-8"?>
<!-- Generated by org.testng.reporters.JUnitReportReporter -->
<testsuite hostname="Nagas" failures="0" tests="2" name="SoftwareTesting.NewSeleniumFrameWork.ErrorValidation" time="17.397" errors="0" timestamp="2026-02-26T17:05:48 IST" skipped="0">
  <testcase classname="SoftwareTesting.NewSeleniumFrameWork.ErrorValidation" name="errorItem" time="9.619"/>
  <testcase classname="SoftwareTesting.NewSeleniumFrameWork.ErrorValidation" name="errorLogins" time="7.778"/>
</testsuite> <!-- SoftwareTesting.NewSeleniumFrameWork.ErrorValidation -->
