<?xml version="1.0" encoding="UTF-8"?>
<!-- Generated by org.testng.reporters.JUnitReportReporter -->
<testsuite hostname="Nagas" failures="0" tests="2" name="SoftwareTesting.NewSeleniumFrameWork.SubmitOrder" time="20.000" errors="0" timestamp="2026-02-26T17:06:46 IST" skipped="0">
  <testcase classname="SoftwareTesting.NewSeleniumFrameWork.SubmitOrder" name="orderProduct" time="9.877"/>
  <testcase classname="SoftwareTesting.NewSeleniumFrameWork.SubmitOrder" name="orderProduct" time="10.123"/>
</testsuite> <!-- SoftwareTesting.NewSeleniumFrameWork.SubmitOrder -->
