<?xml version="1.0" encoding="UTF-8"?>
<!-- Generated by org.testng.reporters.JUnitReportReporter -->
<testsuite hostname="Nagas" failures="0" tests="2" name="SoftwareTesting.NewSeleniumFrameWork.ErrorValidation" time="16.363" errors="0" timestamp="2026-03-02T19:19:03 IST" skipped="0">
  <testcase classname="SoftwareTesting.NewSeleniumFrameWork.ErrorValidation" name="errorItem" time="9.904"/>
  <testcase classname="SoftwareTesting.NewSeleniumFrameWork.ErrorValidation" name="errorLogins" time="6.459"/>
</testsuite> <!-- SoftwareTesting.NewSeleniumFrameWork.ErrorValidation -->
